<?xml version="1.0" encoding="UTF-8"?>
<!-- Generated by org.testng.reporters.JUnitReportReporter -->
<testsuite hostname="tvisha" failures="0" tests="1" name="TestScripts.AboutUs" time="35.492" errors="0" timestamp="2024-02-09T14:39:19 IST" skipped="0">
  <testcase classname="TestScripts.AboutUs" name="ClickonAboutUS" time="35.492"/>
  <system-out/>
</testsuite> <!-- TestScripts.AboutUs -->
