<?xml version="1.0" encoding="UTF-8"?>
<!-- Generated by org.testng.reporters.JUnitReportReporter -->
<testsuite hostname="tvisha" failures="0" tests="1" name="TestScripts.Notifications" time="34.544" errors="0" timestamp="2024-02-09T12:12:57 IST" skipped="0">
  <testcase classname="TestScripts.Notifications" name="clickonBlogs" time="34.544"/>
  <system-out/>
</testsuite> <!-- TestScripts.Notifications -->
