<?xml version="1.0" encoding="UTF-8"?>
<!-- Generated by org.testng.reporters.JUnitReportReporter -->
<testsuite hostname="tvisha" failures="0" tests="1" name="TestScripts.DailybookingSharedProperty" time="116.543" errors="1" timestamp="2024-02-05T17:56:25 IST" skipped="0">
  <testcase classname="TestScripts.DailybookingSharedProperty" name="LoginwithpasswordAndDailybookingpayment" time="116.543">
    <error message="The requested resource could not be found, or a request was received using an HTTP method that is not supported by the mapped resource
Build info: version: &#039;3.141.59&#039;, revision: &#039;e82be7d358&#039;, time: &#039;2018-11-14T08:17:03&#039;
System info: host: &#039;tvisha&#039;, ip: &#039;127.0.1.1&#039;, os.name: &#039;Linux&#039;, os.arch: &#039;amd64&#039;, os.version: &#039;5.15.0-92-generic&#039;, java.version: &#039;17.0.8.1&#039;
Driver info: io.appium.java_client.android.AndroidDriver
Capabilities {Devicename: Galaxy M12, Platformname: Android, Platformversion: 13, UDID: RZ8T404LY3P, appactivity: com.joeyrooms.MainActivity ..., apppackage: com.joeyrooms, databaseEnabled: false, desired: {Devicename: Galaxy M12, Platformname: Android, Platformversion: 13, UDID: RZ8T404LY3P, appactivity: com.joeyrooms.MainActivity ..., apppackage: com.joeyrooms, platformName: android}, deviceApiLevel: 33, deviceManufacturer: samsung, deviceModel: SM-M127G, deviceName: RZ8T404LY3P, deviceScreenDensity: 300, deviceScreenSize: 720x1600, deviceUDID: RZ8T404LY3P, javascriptEnabled: true, locationContextEnabled: false, networkConnectionEnabled: true, pixelRatio: 1.875, platform: LINUX, platformName: Android, platformVersion: 13, statBarHeight: 45, takesScreenshot: true, viewportRect: {height: 1420, left: 0, top: 45, width: 720}, warnings: {}, webStorageEnabled: false}
Session ID: 64481308-6cde-47bb-874d-577dbed6d9ad" type="org.openqa.selenium.UnsupportedCommandException">
      <![CDATA[org.openqa.selenium.UnsupportedCommandException: The requested resource could not be found, or a request was received using an HTTP method that is not supported by the mapped resource
Build info: version: '3.141.59', revision: 'e82be7d358', time: '2018-11-14T08:17:03'
System info: host: 'tvisha', ip: '127.0.1.1', os.name: 'Linux', os.arch: 'amd64', os.version: '5.15.0-92-generic', java.version: '17.0.8.1'
Driver info: io.appium.java_client.android.AndroidDriver
Capabilities {Devicename: Galaxy M12, Platformname: Android, Platformversion: 13, UDID: RZ8T404LY3P, appactivity: com.joeyrooms.MainActivity ..., apppackage: com.joeyrooms, databaseEnabled: false, desired: {Devicename: Galaxy M12, Platformname: Android, Platformversion: 13, UDID: RZ8T404LY3P, appactivity: com.joeyrooms.MainActivity ..., apppackage: com.joeyrooms, platformName: android}, deviceApiLevel: 33, deviceManufacturer: samsung, deviceModel: SM-M127G, deviceName: RZ8T404LY3P, deviceScreenDensity: 300, deviceScreenSize: 720x1600, deviceUDID: RZ8T404LY3P, javascriptEnabled: true, locationContextEnabled: false, networkConnectionEnabled: true, pixelRatio: 1.875, platform: LINUX, platformName: Android, platformVersion: 13, statBarHeight: 45, takesScreenshot: true, viewportRect: {height: 1420, left: 0, top: 45, width: 720}, warnings: {}, webStorageEnabled: false}
Session ID: 64481308-6cde-47bb-874d-577dbed6d9ad
at java.base/jdk.internal.reflect.NativeConstructorAccessorImpl.newInstance0(Native Method)
at java.base/jdk.internal.reflect.NativeConstructorAccessorImpl.newInstance(NativeConstructorAccessorImpl.java:77)
at java.base/jdk.internal.reflect.DelegatingConstructorAccessorImpl.newInstance(DelegatingConstructorAccessorImpl.java:45)
at java.base/java.lang.reflect.Constructor.newInstanceWithCaller(Constructor.java:499)
at java.base/java.lang.reflect.Constructor.newInstance(Constructor.java:480)
at org.openqa.selenium.remote.http.W3CHttpResponseCodec.createException(W3CHttpResponseCodec.java:187)
at org.openqa.selenium.remote.http.W3CHttpResponseCodec.decode(W3CHttpResponseCodec.java:122)
at org.openqa.selenium.remote.http.W3CHttpResponseCodec.decode(W3CHttpResponseCodec.java:49)
at org.openqa.selenium.remote.HttpCommandExecutor.execute(HttpCommandExecutor.java:158)
at io.appium.java_client.remote.AppiumCommandExecutor.execute(AppiumCommandExecutor.java:247)
at org.openqa.selenium.remote.RemoteWebDriver.execute(RemoteWebDriver.java:552)
at io.appium.java_client.DefaultGenericMobileDriver.execute(DefaultGenericMobileDriver.java:45)
at io.appium.java_client.AppiumDriver.execute(AppiumDriver.java:1)
at io.appium.java_client.android.AndroidDriver.execute(AndroidDriver.java:1)
at org.openqa.selenium.remote.RemoteWebDriver.close(RemoteWebDriver.java:442)
at TestScripts.DailybookingSharedProperty.LoginwithpasswordAndDailybookingpayment(DailybookingSharedProperty.java:215)
at java.base/jdk.internal.reflect.NativeMethodAccessorImpl.invoke0(Native Method)
at java.base/jdk.internal.reflect.NativeMethodAccessorImpl.invoke(NativeMethodAccessorImpl.java:77)
at java.base/jdk.internal.reflect.DelegatingMethodAccessorImpl.invoke(DelegatingMethodAccessorImpl.java:43)
at java.base/java.lang.reflect.Method.invoke(Method.java:568)
at org.testng.internal.MethodInvocationHelper.invokeMethod(MethodInvocationHelper.java:133)
at org.testng.internal.TestInvoker.invokeMethod(TestInvoker.java:598)
at org.testng.internal.TestInvoker.invokeTestMethod(TestInvoker.java:173)
at org.testng.internal.MethodRunner.runInSequence(MethodRunner.java:46)
at org.testng.internal.TestInvoker$MethodInvocationAgent.invoke(TestInvoker.java:824)
at org.testng.internal.TestInvoker.invokeTestMethods(TestInvoker.java:146)
at org.testng.internal.TestMethodWorker.invokeTestMethods(TestMethodWorker.java:146)
at org.testng.internal.TestMethodWorker.run(TestMethodWorker.java:128)
at java.base/java.util.ArrayList.forEach(ArrayList.java:1511)
at org.testng.TestRunner.privateRun(TestRunner.java:794)
at org.testng.TestRunner.run(TestRunner.java:596)
at org.testng.SuiteRunner.runTest(SuiteRunner.java:377)
at org.testng.SuiteRunner.runSequentially(SuiteRunner.java:371)
at org.testng.SuiteRunner.privateRun(SuiteRunner.java:332)
at org.testng.SuiteRunner.run(SuiteRunner.java:276)
at org.testng.SuiteRunnerWorker.runSuite(SuiteRunnerWorker.java:53)
at org.testng.SuiteRunnerWorker.run(SuiteRunnerWorker.java:96)
at org.testng.TestNG.runSuitesSequentially(TestNG.java:1212)
at org.testng.TestNG.runSuitesLocally(TestNG.java:1134)
at org.testng.TestNG.runSuites(TestNG.java:1063)
at org.testng.TestNG.run(TestNG.java:1031)
at org.testng.remote.AbstractRemoteTestNG.run(AbstractRemoteTestNG.java:115)
at org.testng.remote.RemoteTestNG.initAndRun(RemoteTestNG.java:251)
at org.testng.remote.RemoteTestNG.main(RemoteTestNG.java:77)
]]>
    </error>
  </testcase> <!-- LoginwithpasswordAndDailybookingpayment -->
  <system-out/>
</testsuite> <!-- TestScripts.DailybookingSharedProperty -->
