<?xml version="1.0" encoding="UTF-8"?>
<!-- Generated by org.testng.reporters.JUnitReportReporter -->
<testsuite hostname="tvisha" failures="0" tests="1" name="TestScripts.RefferAndEarn" time="54.480" errors="0" timestamp="2024-02-09T13:34:56 IST" skipped="0">
  <testcase classname="TestScripts.RefferAndEarn" name="clickonBlogs" time="54.480"/>
  <system-out/>
</testsuite> <!-- TestScripts.RefferAndEarn -->
