<?xml version="1.0" encoding="UTF-8"?>
<!-- Generated by org.testng.reporters.JUnitReportReporter -->
<testsuite hostname="tvisha" failures="0" tests="1" name="TestScripts.HelpPage" time="39.602" errors="0" timestamp="2024-03-04T17:22:19 IST" skipped="0">
  <testcase classname="TestScripts.HelpPage" name="loginandHelpPage" time="39.602"/>
  <system-out/>
</testsuite> <!-- TestScripts.HelpPage -->
