<?xml version="1.0" encoding="UTF-8"?>
<!-- Generated by org.testng.reporters.JUnitReportReporter -->
<testsuite hostname="tvisha" failures="0" tests="1" name="TestScripts.HomePage" time="17.567" errors="0" timestamp="2024-03-12T11:00:30 IST" skipped="0">
  <testcase classname="TestScripts.HomePage" name="BestDalsandOffers" time="17.567"/>
  <system-out/>
</testsuite> <!-- TestScripts.HomePage -->
