<?xml version="1.0" encoding="UTF-8"?>
<!-- Generated by org.testng.reporters.JUnitReportReporter -->
<testsuite hostname="tvisha" failures="0" tests="1" name="TestScripts.WeeklyBooking" time="148.639" errors="0" timestamp="2024-02-05T13:06:30 IST" skipped="0">
  <testcase classname="TestScripts.WeeklyBooking" name="LoginwithpasswordAndDailybookingpayment" time="148.639"/>
  <system-out/>
</testsuite> <!-- TestScripts.WeeklyBooking -->
