<?xml version="1.0" encoding="UTF-8"?>
<!-- Generated by org.testng.reporters.JUnitReportReporter -->
<testsuite hostname="tvisha" failures="0" tests="1" name="TestScripts.BestDealsAndOffer" time="26.563" errors="0" timestamp="2024-02-09T11:42:14 IST" skipped="0">
  <testcase classname="TestScripts.BestDealsAndOffer" name="ClickOnBestDealsAndOffers" time="26.563"/>
  <system-out/>
</testsuite> <!-- TestScripts.BestDealsAndOffer -->
