<?xml version="1.0" encoding="UTF-8"?>
<!-- Generated by org.testng.reporters.JUnitReportReporter -->
<testsuite hostname="tvisha" failures="0" tests="1" name="TestScripts.MonthlylyBooking" time="131.520" errors="0" timestamp="2024-02-05T15:53:18 IST" skipped="0">
  <testcase classname="TestScripts.MonthlylyBooking" name="LoginwithpasswordAndDailybookingpayment" time="131.520"/>
  <system-out/>
</testsuite> <!-- TestScripts.MonthlylyBooking -->
