<?xml version="1.0" encoding="UTF-8"?>
<!-- Generated by org.testng.reporters.JUnitReportReporter -->
<testsuite hostname="tvisha" failures="0" tests="1" name="TestScripts.Blogs" time="30.979" errors="0" timestamp="2024-02-09T11:59:51 IST" skipped="0">
  <testcase classname="TestScripts.Blogs" name="clickonBlogs" time="30.979"/>
  <system-out/>
</testsuite> <!-- TestScripts.Blogs -->
