<?xml version="1.0" encoding="UTF-8"?>
<!-- Generated by org.testng.reporters.JUnitReportReporter -->
<testsuite hostname="tvisha" failures="0" tests="1" name="TestScripts.OurPrivilegedPartners" time="70.376" errors="0" timestamp="2024-02-08T15:51:52 IST" skipped="0">
  <testcase classname="TestScripts.OurPrivilegedPartners" name="clickonbookingHistory" time="70.376"/>
  <system-out/>
</testsuite> <!-- TestScripts.OurPrivilegedPartners -->
