<?xml version="1.0" encoding="UTF-8"?>
<!-- Generated by org.testng.reporters.JUnitReportReporter -->
<testsuite hostname="tvisha" failures="0" tests="1" name="TestScripts.MediaCoveragepage" time="34.048" errors="0" timestamp="2024-02-09T15:40:03 IST" skipped="0">
  <testcase classname="TestScripts.MediaCoveragepage" name="ClickonAboutUS" time="34.048"/>
  <system-out/>
</testsuite> <!-- TestScripts.MediaCoveragepage -->
