<?xml version="1.0" encoding="UTF-8"?>
<!-- Generated by org.testng.reporters.JUnitReportReporter -->
<testsuite hostname="tvisha" failures="0" tests="1" name="TestScripts.CorporateClients" time="59.325" errors="0" timestamp="2024-02-09T18:40:44 IST" skipped="0">
  <testcase classname="TestScripts.CorporateClients" name="ClickonAboutUS" time="59.325"/>
  <system-out/>
</testsuite> <!-- TestScripts.CorporateClients -->
