<?xml version="1.0" encoding="UTF-8"?>
<!-- Generated by org.testng.reporters.JUnitReportReporter -->
<testsuite hostname="tvisha" failures="0" tests="1" name="TestScripts.BookingHistory" time="59.876" errors="0" timestamp="2024-02-08T12:17:12 IST" skipped="0">
  <testcase classname="TestScripts.BookingHistory" name="clickonbookingHistory" time="59.876"/>
  <system-out/>
</testsuite> <!-- TestScripts.BookingHistory -->
